<?xml version="1.0" encoding="UTF-8"?>
<!-- Generated by org.testng.reporters.JUnitReportReporter -->
<testsuite hostname="EC2AMAZ-S11DBRH" failures="1" tests="1" name="runners.RerunRunner" time="6.164" errors="0" timestamp="2023-08-25T04:30:47 GMT" skipped="0">
  <testcase classname="runners.RerunRunner" name="runScenario" time="6.164">
    <failure message="expected [Global] but found [Sample Page Testing Site Online - Global SQA Testing Sites]" type="java.lang.AssertionError">
      <![CDATA[java.lang.AssertionError: expected [Global] but found [Sample Page Testing Site Online - Global SQA Testing Sites]
at org.testng.Assert.fail(Assert.java:110)
at org.testng.Assert.failNotEquals(Assert.java:1413)
at org.testng.Assert.assertEqualsImpl(Assert.java:149)
at org.testng.Assert.assertEquals(Assert.java:131)
at org.testng.Assert.assertEquals(Assert.java:655)
at org.testng.Assert.assertEquals(Assert.java:665)
at stepDefs.SendEmailStepDef.user_must_launch_application(SendEmailStepDef.java:21)
at âœ½.User must launch application(file:///C:/SJ/BDDSampleB35/src/test/resources/features/SendEmail.feature:4)
]]>
    </failure>
  </testcase> <!-- runScenario -->
  <system-out/>
</testsuite> <!-- runners.RerunRunner -->
